<?xml version="1.0" encoding="UTF-8"?>
<!-- Generated by org.testng.reporters.JUnitReportReporter -->
<testsuite hostname="Thinkative" failures="0" tests="1" name="Seleniumframeworkpart.Tests.Errorvalidation" time="7.201" errors="0" timestamp="2024-12-30T18:20:43 IST" skipped="0">
  <testcase classname="Seleniumframeworkpart.Tests.Errorvalidation" name="loginErrorValidation" time="7.201"/>
</testsuite> <!-- Seleniumframeworkpart.Tests.Errorvalidation -->
