<?xml version="1.0" encoding="UTF-8"?>
<!-- Generated by org.testng.reporters.JUnitReportReporter -->
<testsuite hostname="Thinkative" failures="0" tests="2" name="Seleniumframeworkpart.Tests.Standalonetest" time="30.710" errors="0" timestamp="2024-12-30T15:39:15 IST" skipped="0">
  <testcase classname="Seleniumframeworkpart.Tests.Standalonetest" name="submitOrder" time="9.665"/>
  <testcase classname="Seleniumframeworkpart.Tests.Standalonetest" name="submitOrder" time="21.045"/>
</testsuite> <!-- Seleniumframeworkpart.Tests.Standalonetest -->
