<?xml version="1.0" encoding="UTF-8"?>
<!-- Generated by org.testng.reporters.JUnitReportReporter -->
<testsuite hostname="Thinkative" failures="0" tests="2" name="Seleniumframeworkpart.Tests.Standalonetest" time="39.344" errors="0" timestamp="2024-12-30T18:49:26 IST" skipped="0">
  <testcase classname="Seleniumframeworkpart.Tests.Standalonetest" name="submitOrder" time="19.653"/>
  <testcase classname="Seleniumframeworkpart.Tests.Standalonetest" name="submitOrder" time="19.691"/>
</testsuite> <!-- Seleniumframeworkpart.Tests.Standalonetest -->
