<?xml version="1.0" encoding="UTF-8"?>
<!-- Generated by org.testng.reporters.JUnitReportReporter -->
<testsuite hostname="Thinkative" failures="0" tests="2" name="Seleniumframeworkpart.Tests.Errorvalidation" time="19.309" errors="0" timestamp="2024-12-30T18:49:26 IST" skipped="0">
  <testcase classname="Seleniumframeworkpart.Tests.Errorvalidation" name="Demo" time="9.296"/>
  <testcase classname="Seleniumframeworkpart.Tests.Errorvalidation" name="loginErrorValidation" time="10.013"/>
</testsuite> <!-- Seleniumframeworkpart.Tests.Errorvalidation -->
